\BOOKMARK [0][]{CAPA.0}{\376\377\000C\000A\000P\000A}{}% 1
\BOOKMARK [0][]{VERSO.0}{\376\377\000V\000E\000R\000S\000O}{}% 2
\BOOKMARK [0][]{FOLHA DE ROSTO.0}{\376\377\000F\000O\000L\000H\000A\000\040\000D\000E\000\040\000R\000O\000S\000T\000O}{}% 3
\BOOKMARK [0][]{nomefichac.0}{\376\377\000F\000I\000C\000H\000A\000\040\000C\000A\000T\000A\000L\000O\000G\000R\000\301\000F\000I\000C\000A}{}% 4
\BOOKMARK [0][]{aprovacao.0}{\376\377\000F\000O\000L\000H\000A\000\040\000D\000E\000\040\000A\000P\000R\000O\000V\000A\000\307\000\303\000O}{}% 5
\BOOKMARK [0][]{nomeepigrafe.0}{\376\377\000E\000P\000\315\000G\000R\000A\000F\000E}{}% 6
\BOOKMARK [0][]{nomededicatoria.0}{\376\377\000D\000E\000D\000I\000C\000A\000T\000\323\000R\000I\000A}{}% 7
\BOOKMARK [0][]{nomethank.0}{\376\377\000A\000G\000R\000A\000D\000E\000C\000I\000M\000E\000N\000T\000O\000S}{}% 8
\BOOKMARK [0][]{nomeresumo.0}{\376\377\000R\000E\000S\000U\000M\000O}{}% 9
\BOOKMARK [0][]{nomeabstract.0}{\376\377\000A\000B\000S\000T\000R\000A\000C\000T}{}% 10
\BOOKMARK [0][]{listfigurename.0}{\376\377\000L\000I\000S\000T\000A\000\040\000D\000E\000\040\000F\000I\000G\000U\000R\000A\000S}{}% 11
\BOOKMARK [0][]{listtablename.0}{\376\377\000L\000I\000S\000T\000A\000\040\000D\000E\000\040\000T\000A\000B\000E\000L\000A\000S}{}% 12
\BOOKMARK [0][]{nomeabreviaturasesiglas.0}{\376\377\000L\000I\000S\000T\000A\000\040\000D\000E\000\040\000A\000B\000R\000E\000V\000I\000A\000T\000U\000R\000A\000S\000\040\000E\000\040\000S\000I\000G\000L\000A\000S}{}% 13
\BOOKMARK [0][]{listsimbname.0}{\376\377\000L\000I\000S\000T\000A\000\040\000D\000E\000\040\000S\000\315\000M\000B\000O\000L\000O\000S}{}% 14
\BOOKMARK [0][]{contentsname.0}{\376\377\000S\000U\000M\000\301\000R\000I\000O}{}% 15
\BOOKMARK [0][]{chapter.1}{\376\377\0001\000\040\000I\000N\000T\000R\000O\000D\000U\000\307\000\303\000O}{}% 16
\BOOKMARK [0][]{chapter.2}{\376\377\0002\000\040\000D\000A\000D\000O\000S\000\040\000A\000N\000A\000L\000I\000S\000A\000D\000O\000S}{}% 17
\BOOKMARK [1][]{section.2.1}{\376\377\0002\000.\0001\000\040\000A\000\040\000A\000m\000a\000z\000\364\000n\000i\000a}{chapter.2}% 18
\BOOKMARK [1][]{section.2.2}{\376\377\0002\000.\0002\000\040\000O\000\040\000p\000r\000o\000j\000e\000t\000o\000\040\000L\000B\000A}{chapter.2}% 19
\BOOKMARK [1][]{section.2.3}{\376\377\0002\000.\0003\000\040\000S\000\355\000t\000i\000o\000\040\000e\000x\000p\000e\000r\000i\000m\000e\000n\000t\000a\000l\000\040\000e\000\040\000d\000a\000d\000o\000s}{chapter.2}% 20
\BOOKMARK [0][]{chapter.3}{\376\377\0003\000\040\000A\000N\000\301\000L\000I\000S\000E\000\040\000E\000\040\000R\000E\000S\000U\000L\000T\000A\000D\000O\000S}{}% 21
\BOOKMARK [1][]{section.3.1}{\376\377\0003\000.\0001\000\040\000E\000s\000t\000a\000c\000i\000o\000n\000a\000r\000i\000d\000a\000d\000e}{chapter.3}% 22
\BOOKMARK [1][]{section.3.2}{\376\377\0003\000.\0002\000\040\000D\000e\000c\000o\000m\000p\000o\000s\000i\000\347\000\343\000o\000\040\000d\000o\000s\000\040\000D\000a\000d\000o\000s}{chapter.3}% 23
\BOOKMARK [1][]{section.3.3}{\376\377\0003\000.\0003\000\040\000C\000a\000r\000a\000c\000t\000e\000r\000i\000z\000a\000n\000d\000o\000\040\000a\000\040\000t\000u\000r\000b\000u\000l\000\352\000n\000c\000i\000a\000\040\000a\000c\000i\000m\000a\000\040\000d\000a\000\040\000c\000o\000p\000a\000\040\000d\000a\000\040\000f\000l\000o\000r\000e\000s\000t\000a\000\040\000A\000m\000a\000z\000\364\000n\000i\000c\000a}{chapter.3}% 24
\BOOKMARK [2][]{subsection.3.3.1}{\376\377\0003\000.\0003\000.\0001\000\040\000E\000s\000p\000e\000c\000t\000r\000o\000s\000\040\000d\000e\000\040\000p\000o\000t\000\352\000n\000c\000i\000a}{section.3.3}% 25
\BOOKMARK [2][]{subsection.3.3.2}{\376\377\0003\000.\0003\000.\0002\000\040\000I\000n\000t\000e\000r\000m\000i\000t\000\352\000n\000c\000i\000a}{section.3.3}% 26
\BOOKMARK [0][]{chapter.4}{\376\377\0004\000\040\000C\000O\000N\000C\000L\000U\000S\000\325\000E\000S}{}% 27
\BOOKMARK [0][]{appendix.A}{\376\377\000\040\000A\000P\000\312\000N\000D\000I\000C\000E\000\040\000A\000\040\000-\000\040\000A\000U\000T\000O\000R\000I\000Z\000A\000\307\000\303\000O\000\040\000P\000A\000R\000A\000\040\000P\000U\000B\000L\000I\000C\000A\000\307\000\303\000O}{}% 28
\BOOKMARK [1][]{section.A.1}{\376\377\000A\000.\0001\000\040\000A\000u\000t\000o\000r\000i\000z\000a\000\347\000\343\000o\000\040\000p\000a\000r\000a\000\040\000P\000u\000b\000l\000i\000c\000a\000\347\000\343\000o\000\040\000d\000e\000\040\000T\000r\000a\000b\000a\000l\000h\000o\000\040\000A\000c\000a\000d\000\352\000m\000i\000c\000o\000\040\000-\000\040\000I\000N\000P\000E\000-\0003\0009\0003}{appendix.A}% 29
\BOOKMARK [2][]{subsection.A.1.1}{\376\377\000A\000.\0001\000.\0001\000\040\000I\000n\000s\000t\000r\000u\000\347\000\365\000e\000s\000\040\000d\000o\000\040\000F\000o\000r\000m\000u\000l\000\341\000r\000i\000o\000\040\000I\000N\000P\000E\000-\0003\0009\0003}{section.A.1}% 30
\BOOKMARK [1][]{section.A.2}{\376\377\000A\000.\0002\000\040\000A\000u\000t\000o\000r\000i\000z\000a\000\347\000\343\000o\000\040\000p\000a\000r\000a\000\040\000P\000u\000b\000l\000i\000c\000a\000\347\000\343\000o\000\040\000-\000\040\000I\000N\000P\000E\000-\0001\0000\0006}{appendix.A}% 31
\BOOKMARK [2][]{subsection.A.2.1}{\376\377\000A\000.\0002\000.\0001\000\040\000I\000n\000s\000t\000r\000u\000\347\000\365\000e\000s\000\040\000d\000o\000\040\000F\000o\000r\000m\000u\000l\000\341\000r\000i\000o\000\040\000I\000N\000P\000E\000-\0001\0000\0006}{section.A.2}% 32
\BOOKMARK [0][]{anexo.a}{\376\377\000\040\000A\000N\000E\000X\000O\000\040\000A\000\040\000-\000\040\000A\000B\000R\000E\000V\000I\000A\000T\000U\000R\000A\000\040\000D\000O\000S\000\040\000M\000E\000S\000E\000S}{}% 33
\BOOKMARK [0][]{anexo.b}{\376\377\000\040\000A\000N\000E\000X\000O\000\040\000B\000\040\000-\000\040\000E\000X\000E\000M\000P\000L\000O\000S\000\040\000D\000E\000\040\000F\000I\000G\000U\000R\000A\000S\000\040\000E\000\040\000T\000A\000B\000E\000L\000A\000S\000\040\000N\000O\000\040\000L\000a\000T\000e\000X}{}% 34
\BOOKMARK [1][]{section.b.1}{\376\377\000B\000.\0001\000\040\000F\000i\000g\000u\000r\000a\000s}{anexo.b}% 35
\BOOKMARK [1][]{section.b.2}{\376\377\000B\000.\0002\000\040\000T\000a\000b\000e\000l\000a\000s}{anexo.b}% 36
\BOOKMARK [0][]{anexo.c}{\376\377\000\040\000A\000N\000E\000X\000O\000\040\000C\000\040\000-\000\040\000T\000I\000P\000O\000S\000\040\000D\000E\000\040\000R\000E\000F\000E\000R\000\312\000N\000C\000I\000A\000S\000\040\000N\000O\000\040\000L\000a\000T\000e\000X}{}% 37
